# JRE version: OpenJDK Runtime Environment (8.0_202-b03) (build 1.8.0_202-release-1483-b03)
# Java VM: OpenJDK 64-Bit Server VM (25.202-b03 mixed mode windows-amd64 compressed oops)
Heap:
 PSYoungGen      total 226304K, used 798K [0x00000000e0000000, 0x00000000efb80000, 0x0000000100000000)
  eden space 198144K, 0% used [0x00000000e0000000,0x00000000e0000000,0x00000000ec180000)
  from space 28160K, 2% used [0x00000000ee000000,0x00000000ee0c7810,0x00000000efb80000)
  to   space 29696K, 0% used [0x00000000ec180000,0x00000000ec180000,0x00000000ede80000)
 ParOldGen       total 84480K, used 70761K [0x00000000a0000000, 0x00000000a5280000, 0x00000000e0000000)
  object space 84480K, 83% used [0x00000000a0000000,0x00000000a451a578,0x00000000a5280000)
 Metaspace       used 97280K, capacity 101016K, committed 101120K, reserved 1140736K
  class space    used 12524K, capacity 13266K, committed 13312K, reserved 1048576K
GC Heap History (10 events):
Event: 834.242 GC heap after
Heap after GC invocations=49 (full 4):
 PSYoungGen      total 187904K, used 3456K [0x00000000e0000000, 0x00000000ee600000, 0x0000000100000000)
  eden space 161280K, 0% used [0x00000000e0000000,0x00000000e0000000,0x00000000e9d80000)
  from space 26624K, 12% used [0x00000000e9d80000,0x00000000ea0e0010,0x00000000eb780000)
  to   space 26112K, 0% used [0x00000000ecc80000,0x00000000ecc80000,0x00000000ee600000)
 ParOldGen       total 84480K, used 77926K [0x00000000a0000000, 0x00000000a5280000, 0x00000000e0000000)
  object space 84480K, 92% used [0x00000000a0000000,0x00000000a4c199c0,0x00000000a5280000)
 Metaspace       used 96098K, capacity 99748K, committed 99968K, reserved 1136640K
  class space    used 12422K, capacity 13156K, committed 13184K, reserved 1048576K
}
Event: 834.242 GC heap before
{Heap before GC invocations=50 (full 5):
 PSYoungGen      total 187904K, used 3456K [0x00000000e0000000, 0x00000000ee600000, 0x0000000100000000)
  eden space 161280K, 0% used [0x00000000e0000000,0x00000000e0000000,0x00000000e9d80000)
  from space 26624K, 12% used [0x00000000e9d80000,0x00000000ea0e0010,0x00000000eb780000)
  to   space 26112K, 0% used [0x00000000ecc80000,0x00000000ecc80000,0x00000000ee600000)
 ParOldGen       total 84480K, used 77926K [0x00000000a0000000, 0x00000000a5280000, 0x00000000e0000000)
  object space 84480K, 92% used [0x00000000a0000000,0x00000000a4c199c0,0x00000000a5280000)
 Metaspace       used 96098K, capacity 99748K, committed 99968K, reserved 1136640K
  class space    used 12422K, capacity 13156K, committed 13184K, reserved 1048576K
Event: 834.743 GC heap after
Heap after GC invocations=50 (full 5):
 PSYoungGen      total 187904K, used 0K [0x00000000e0000000, 0x00000000ee600000, 0x0000000100000000)
  eden space 161280K, 0% used [0x00000000e0000000,0x00000000e0000000,0x00000000e9d80000)
  from space 26624K, 0% used [0x00000000e9d80000,0x00000000e9d80000,0x00000000eb780000)
  to   space 26112K, 0% used [0x00000000ecc80000,0x00000000ecc80000,0x00000000ee600000)
 ParOldGen       total 84480K, used 67361K [0x00000000a0000000, 0x00000000a5280000, 0x00000000e0000000)
  object space 84480K, 79% used [0x00000000a0000000,0x00000000a41c8548,0x00000000a5280000)
 Metaspace       used 96098K, capacity 99748K, committed 99968K, reserved 1136640K
  class space    used 12422K, capacity 13156K, committed 13184K, reserved 1048576K
}
Event: 835.759 GC heap before
{Heap before GC invocations=51 (full 5):
 PSYoungGen      total 187904K, used 161280K [0x00000000e0000000, 0x00000000ee600000, 0x0000000100000000)
  eden space 161280K, 100% used [0x00000000e0000000,0x00000000e9d80000,0x00000000e9d80000)
  from space 26624K, 0% used [0x00000000e9d80000,0x00000000e9d80000,0x00000000eb780000)
  to   space 26112K, 0% used [0x00000000ecc80000,0x00000000ecc80000,0x00000000ee600000)
 ParOldGen       total 84480K, used 67361K [0x00000000a0000000, 0x00000000a5280000, 0x00000000e0000000)
  object space 84480K, 79% used [0x00000000a0000000,0x00000000a41c8548,0x00000000a5280000)
 Metaspace       used 96228K, capacity 99892K, committed 99968K, reserved 1136640K
  class space    used 12422K, capacity 13156K, committed 13184K, reserved 1048576K
Event: 835.776 GC heap after
Heap after GC invocations=51 (full 5):
 PSYoungGen      total 200192K, used 3616K [0x00000000e0000000, 0x00000000ee100000, 0x0000000100000000)
  eden space 179200K, 0% used [0x00000000e0000000,0x00000000e0000000,0x00000000eaf00000)
  from space 20992K, 17% used [0x00000000ecc80000,0x00000000ed008010,0x00000000ee100000)
  to   space 25600K, 0% used [0x00000000eaf00000,0x00000000eaf00000,0x00000000ec800000)
 ParOldGen       total 84480K, used 67361K [0x00000000a0000000, 0x00000000a5280000, 0x00000000e0000000)
  object space 84480K, 79% used [0x00000000a0000000,0x00000000a41c8548,0x00000000a5280000)
 Metaspace       used 96228K, capacity 99892K, committed 99968K, reserved 1136640K
  class space    used 12422K, capacity 13156K, committed 13184K, reserved 1048576K
}
Event: 838.825 GC heap before
{Heap before GC invocations=52 (full 5):
 PSYoungGen      total 200192K, used 182815K [0x00000000e0000000, 0x00000000ee100000, 0x0000000100000000)
  eden space 179200K, 99% used [0x00000000e0000000,0x00000000eaeffec0,0x00000000eaf00000)
  from space 20992K, 17% used [0x00000000ecc80000,0x00000000ed008010,0x00000000ee100000)
  to   space 25600K, 0% used [0x00000000eaf00000,0x00000000eaf00000,0x00000000ec800000)
 ParOldGen       total 84480K, used 67361K [0x00000000a0000000, 0x00000000a5280000, 0x00000000e0000000)
  object space 84480K, 79% used [0x00000000a0000000,0x00000000a41c8548,0x00000000a5280000)
 Metaspace       used 97210K, capacity 100928K, committed 101120K, reserved 1136640K
  class space    used 12516K, capacity 13262K, committed 13312K, reserved 1048576K
Event: 838.907 GC heap after
Heap after GC invocations=52 (full 5):
 PSYoungGen      total 204800K, used 25405K [0x00000000e0000000, 0x00000000efd80000, 0x0000000100000000)
  eden space 179200K, 0% used [0x00000000e0000000,0x00000000e0000000,0x00000000eaf00000)
  from space 25600K, 99% used [0x00000000eaf00000,0x00000000ec7cf7a0,0x00000000ec800000)
  to   space 30208K, 0% used [0x00000000ee000000,0x00000000ee000000,0x00000000efd80000)
 ParOldGen       total 84480K, used 69769K [0x00000000a0000000, 0x00000000a5280000, 0x00000000e0000000)
  object space 84480K, 82% used [0x00000000a0000000,0x00000000a4422568,0x00000000a5280000)
 Metaspace       used 97210K, capacity 100928K, committed 101120K, reserved 1136640K
  class space    used 12516K, capacity 13262K, committed 13312K, reserved 1048576K
}
Event: 839.478 GC heap before
{Heap before GC invocations=53 (full 5):
 PSYoungGen      total 204800K, used 91608K [0x00000000e0000000, 0x00000000efd80000, 0x0000000100000000)
  eden space 179200K, 36% used [0x00000000e0000000,0x00000000e40a6b80,0x00000000eaf00000)
  from space 25600K, 99% used [0x00000000eaf00000,0x00000000ec7cf7a0,0x00000000ec800000)
  to   space 30208K, 0% used [0x00000000ee000000,0x00000000ee000000,0x00000000efd80000)
 ParOldGen       total 84480K, used 69769K [0x00000000a0000000, 0x00000000a5280000, 0x00000000e0000000)
  object space 84480K, 82% used [0x00000000a0000000,0x00000000a4422568,0x00000000a5280000)
 Metaspace       used 97280K, capacity 101016K, committed 101120K, reserved 1140736K
  class space    used 12524K, capacity 13266K, committed 13312K, reserved 1048576K
Event: 839.487 GC heap after
Heap after GC invocations=53 (full 5):
 PSYoungGen      total 226304K, used 798K [0x00000000e0000000, 0x00000000efb80000, 0x0000000100000000)
  eden space 198144K, 0% used [0x00000000e0000000,0x00000000e0000000,0x00000000ec180000)
  from space 28160K, 2% used [0x00000000ee000000,0x00000000ee0c7810,0x00000000efb80000)
  to   space 29696K, 0% used [0x00000000ec180000,0x00000000ec180000,0x00000000ede80000)
 ParOldGen       total 84480K, used 70761K [0x00000000a0000000, 0x00000000a5280000, 0x00000000e0000000)
  object space 84480K, 83% used [0x00000000a0000000,0x00000000a451a578,0x00000000a5280000)
 Metaspace       used 97280K, capacity 101016K, committed 101120K, reserved 1140736K
  class space    used 12524K, capacity 13266K, committed 13312K, reserved 1048576K
}
Event: 839.487 GC heap before
{Heap before GC invocations=54 (full 6):
 PSYoungGen      total 226304K, used 798K [0x00000000e0000000, 0x00000000efb80000, 0x0000000100000000)
  eden space 198144K, 0% used [0x00000000e0000000,0x00000000e0000000,0x00000000ec180000)
  from space 28160K, 2% used [0x00000000ee000000,0x00000000ee0c7810,0x00000000efb80000)
  to   space 29696K, 0% used [0x00000000ec180000,0x00000000ec180000,0x00000000ede80000)
 ParOldGen       total 84480K, used 70761K [0x00000000a0000000, 0x00000000a5280000, 0x00000000e0000000)
  object space 84480K, 83% used [0x00000000a0000000,0x00000000a451a578,0x00000000a5280000)
 Metaspace       used 97280K, capacity 101016K, committed 101120K, reserved 1140736K
  class space    used 12524K, capacity 13266K, committed 13312K, reserved 1048576K

